Start testing: Aug 05 12:18 JST
----------------------------------------------------------
1/1 Testing: orb_system_d435i_rectified_settings_smoke
1/1 Test: orb_system_d435i_rectified_settings_smoke
Command: "/home/tenda/aria2D435i/build/ORBSettingsSmoke" "/home/tenda/ORB_SLAM3/Vocabulary/ORBvoc.txt" "/home/tenda/aria2D435i/tests/fixtures/orbslam3_d435i_rectified.yaml"
Directory: /home/tenda/aria2D435i/build
"orb_system_d435i_rectified_settings_smoke" start time: Aug 05 12:18 JST
Output:
----------------------------------------------------------

ORB-SLAM3 Copyright (C) 2017-2020 Carlos Campos, Richard Elvira, Juan J. Gómez, José M.M. Montiel and Juan D. Tardós, University of Zaragoza.
ORB-SLAM2 Copyright (C) 2014-2016 Raúl Mur-Artal, José M.M. Montiel and Juan D. Tardós, University of Zaragoza.
This program comes with ABSOLUTELY NO WARRANTY;
This is free software, and you are welcome to redistribute it
under certain conditions. See LICENSE.txt.

Input sensor was set to: Stereo-Inertial
Loading settings from /home/tenda/aria2D435i/tests/fixtures/orbslam3_d435i_rectified.yaml
	-Loaded camera 1
	-Loaded camera 2
Camera.newHeight optional parameter does not exist...
Camera.newWidth optional parameter does not exist...
	-Loaded image info
	-Loaded IMU calibration
	-Loaded ORB settings
Viewer.imageViewScale optional parameter does not exist...
	-Loaded viewer settings
System.LoadAtlasFromFile optional parameter does not exist...
System.SaveAtlasToFile optional parameter does not exist...
	-Loaded Atlas settings
System.thFarPoints optional parameter does not exist...
	-Loaded misc parameters
----------------------------------
SLAM settings: 
	-Camera 1 parameters (Pinhole): [ 429.474 429.474 421.159 241.152 ]
	-Camera 2 parameters (Pinhole: [ ]
	-Original image size: [ 848 , 480 ]
	-Current image size: [ 848 , 480 ]
	-Sequence FPS: 30
	-Stereo baseline: 0.0503078
	-Stereo depth threshold : 40
	-Gyro noise: 0.001
	-Accelerometer noise: 0.01
	-Gyro walk: 1e-06
	-Accelerometer walk: 0.0001
	-IMU frequency: 200
	-Features per image: 1500
	-ORB scale factor: 1.2
	-ORB number of scales: 8
	-Initial FAST threshold: 20
	-Min FAST threshold: 7


Loading ORB Vocabulary. This could take a while...
Vocabulary loaded!

Initialization of Atlas from scratch 
Creation of new map with id: 0
Creation of new map with last KF id: 0
Seq. Name: 
There are 1 cameras in the atlas
Camera 0 is pinhole
Shutdown
<end of output>
Test time =   2.13 sec
----------------------------------------------------------
Test Passed.
"orb_system_d435i_rectified_settings_smoke" end time: Aug 05 12:18 JST
"orb_system_d435i_rectified_settings_smoke" time elapsed: 00:00:02
----------------------------------------------------------

End testing: Aug 05 12:18 JST
